<?xml version="1.0" encoding="UTF-8"?>
<!-- Generated by org.testng.reporters.JUnitReportReporter -->
<testsuite hostname="Lenovo-PC" name="seleniumGrid.GridChrome" tests="1" failures="0" timestamp="23 Feb 2018 14:49:50 GMT" time="9.455" errors="0">
  <testcase name="test" time="9.455" classname="seleniumGrid.GridChrome"/>
</testsuite> <!-- seleniumGrid.GridChrome -->
