<?xml version="1.0" encoding="UTF-8"?>
<!-- Generated by org.testng.reporters.JUnitReportReporter -->
<testsuite hostname="Lenovo-PC" name="seleniumGrid.Grid" tests="1" failures="0" timestamp="20 Feb 2018 11:54:59 GMT" time="8.362" errors="0">
  <testcase name="test" time="8.362" classname="seleniumGrid.Grid"/>
</testsuite> <!-- seleniumGrid.Grid -->
