<?xml version="1.0" encoding="UTF-8"?>
<!-- Generated by org.testng.reporters.JUnitReportReporter -->
<testsuite hostname="Lenovo-PC" name="seleniumGrid.GridTestNG" tests="2" failures="0" timestamp="23 Feb 2018 10:39:20 GMT" time="3.433" errors="0">
  <testcase name="login" time="2.015" classname="seleniumGrid.GridTestNG"/>
  <testcase name="login" time="1.418" classname="seleniumGrid.GridTestNG"/>
</testsuite> <!-- seleniumGrid.GridTestNG -->
