<?xml version="1.0" encoding="UTF-8"?>
<!-- Generated by org.testng.reporters.JUnitReportReporter -->
<testsuite skipped="0" hostname="Lenovo-PC" name="GridParallelTests.GridParallelTest" tests="6" failures="0" timestamp="18 Apr 2018 17:36:44 GMT" time="0.220" errors="0">
  <testcase name="facebookLogin" time="0.010" classname="GridParallelTests.GridParallelTest"/>
  <testcase name="facebookLogin" time="0.009" classname="GridParallelTests.GridParallelTest"/>
  <testcase name="facebookLogin" time="0.116" classname="GridParallelTests.GridParallelTest"/>
  <testcase name="facebookLogin" time="0.048" classname="GridParallelTests.GridParallelTest"/>
  <testcase name="facebookLogin" time="0.011" classname="GridParallelTests.GridParallelTest"/>
  <testcase name="facebookLogin" time="0.026" classname="GridParallelTests.GridParallelTest"/>
</testsuite> <!-- GridParallelTests.GridParallelTest -->
