<?xml version="1.0" encoding="UTF-8"?>
<!-- Generated by org.testng.reporters.JUnitReportReporter -->
<testsuite skipped="0" hostname="Lenovo-PC" name="GridTests.ChromeFirefoxIEGridTest" tests="1" failures="0" timestamp="18 Apr 2018 17:25:00 GMT" time="7.740" errors="0">
  <testcase name="chromeTest1" time="7.740" classname="GridTests.ChromeFirefoxIEGridTest"/>
</testsuite> <!-- GridTests.ChromeFirefoxIEGridTest -->
