<?xml version="1.0" encoding="UTF-8"?>
<!-- Generated by org.testng.reporters.JUnitReportReporter -->
<testsuite skipped="0" hostname="Lenovo-PC" name="TestNGDemo.ChromeFirefoxIEGridTest" tests="2" failures="0" timestamp="18 Apr 2018 19:27:49 GMT" time="16.714" errors="0">
  <testcase name="chromeTest" time="7.812" classname="TestNGDemo.ChromeFirefoxIEGridTest"/>
  <testcase name="chromeTest" time="8.902" classname="TestNGDemo.ChromeFirefoxIEGridTest"/>
</testsuite> <!-- TestNGDemo.ChromeFirefoxIEGridTest -->
